[2022-11-02T06:22:37.683Z] [31merror[39m: [31muncaughtException: Cannot find module '/Users/ekibet/workspace/test/customer_portal_api/api/models/../config/config.json'[39m
[31mRequire stack:[39m
[31m- /Users/ekibet/workspace/test/customer_portal_api/api/models/index.js[39m
[31m- /Users/ekibet/workspace/test/customer_portal_api/api/services/customer.service.js[39m
[31m- /Users/ekibet/workspace/test/customer_portal_api/api/services/index.js[39m
[31m- /Users/ekibet/workspace/test/customer_portal_api/api/controllers/customer.controller.js[39m
[31m- /Users/ekibet/workspace/test/customer_portal_api/api/controllers/index.js[39m
[31m- /Users/ekibet/workspace/test/customer_portal_api/api/routes/users.js[39m
[31m- /Users/ekibet/workspace/test/customer_portal_api/api/app.js[39m
[31m- /Users/ekibet/workspace/test/customer_portal_api/api/bin/www[39m
[31mError: Cannot find module '/Users/ekibet/workspace/test/customer_portal_api/api/models/../config/config.json'[39m
[31mRequire stack:[39m
[31m- /Users/ekibet/workspace/test/customer_portal_api/api/models/index.js[39m
[31m- /Users/ekibet/workspace/test/customer_portal_api/api/services/customer.service.js[39m
[31m- /Users/ekibet/workspace/test/customer_portal_api/api/services/index.js[39m
[31m- /Users/ekibet/workspace/test/customer_portal_api/api/controllers/customer.controller.js[39m
[31m- /Users/ekibet/workspace/test/customer_portal_api/api/controllers/index.js[39m
[31m- /Users/ekibet/workspace/test/customer_portal_api/api/routes/users.js[39m
[31m- /Users/ekibet/workspace/test/customer_portal_api/api/app.js[39m
[31m- /Users/ekibet/workspace/test/customer_portal_api/api/bin/www[39m
[31m    at Module._resolveFilename (node:internal/modules/cjs/loader:956:15)[39m
[31m    at Module._load (node:internal/modules/cjs/loader:804:27)[39m
[31m    at Module.require (node:internal/modules/cjs/loader:1022:19)[39m
[31m    at require (node:internal/modules/cjs/helpers:102:18)[39m
[31m    at Object.<anonymous> (/Users/ekibet/workspace/test/customer_portal_api/api/models/index.js:8:16)[39m
[31m    at Module._compile (node:internal/modules/cjs/loader:1120:14)[39m
[31m    at Module._extensions..js (node:internal/modules/cjs/loader:1174:10)[39m
[31m    at Module.load (node:internal/modules/cjs/loader:998:32)[39m
[31m    at Module._load (node:internal/modules/cjs/loader:839:12)[39m
[31m    at Module.require (node:internal/modules/cjs/loader:1022:19)[39m: undefined: customer-portal-service
[2022-11-02T06:36:05.722Z] [31merror[39m: [31muncaughtException: Dialect needs to be explicitly supplied as of v4.0.0[39m
[31mError: Dialect needs to be explicitly supplied as of v4.0.0[39m
[31m    at new Sequelize (/Users/ekibet/workspace/test/customer_portal_api/api/node_modules/sequelize/lib/sequelize.js:135:13)[39m
[31m    at Object.<anonymous> (/Users/ekibet/workspace/test/customer_portal_api/api/models/index.js:15:15)[39m
[31m    at Module._compile (node:internal/modules/cjs/loader:1120:14)[39m
[31m    at Module._extensions..js (node:internal/modules/cjs/loader:1174:10)[39m
[31m    at Module.load (node:internal/modules/cjs/loader:998:32)[39m
[31m    at Module._load (node:internal/modules/cjs/loader:839:12)[39m
[31m    at Module.require (node:internal/modules/cjs/loader:1022:19)[39m
[31m    at require (node:internal/modules/cjs/helpers:102:18)[39m
[31m    at Object.<anonymous> (/Users/ekibet/workspace/test/customer_portal_api/api/services/customer.service.js:2:16)[39m
[31m    at Module._compile (node:internal/modules/cjs/loader:1120:14)[39m: undefined: customer-portal-service
[2022-11-02T06:36:08.618Z] [31merror[39m: [31muncaughtException: Dialect needs to be explicitly supplied as of v4.0.0[39m
[31mError: Dialect needs to be explicitly supplied as of v4.0.0[39m
[31m    at new Sequelize (/Users/ekibet/workspace/test/customer_portal_api/api/node_modules/sequelize/lib/sequelize.js:135:13)[39m
[31m    at Object.<anonymous> (/Users/ekibet/workspace/test/customer_portal_api/api/models/index.js:15:15)[39m
[31m    at Module._compile (node:internal/modules/cjs/loader:1120:14)[39m
[31m    at Module._extensions..js (node:internal/modules/cjs/loader:1174:10)[39m
[31m    at Module.load (node:internal/modules/cjs/loader:998:32)[39m
[31m    at Module._load (node:internal/modules/cjs/loader:839:12)[39m
[31m    at Module.require (node:internal/modules/cjs/loader:1022:19)[39m
[31m    at require (node:internal/modules/cjs/helpers:102:18)[39m
[31m    at Object.<anonymous> (/Users/ekibet/workspace/test/customer_portal_api/api/services/customer.service.js:2:16)[39m
[31m    at Module._compile (node:internal/modules/cjs/loader:1120:14)[39m: undefined: customer-portal-service
