[2022-07-30T16:56:03.945Z] [31merror[39m: [31munhandledRejection: Cannot read property 'length' of undefined[39m
[31mTypeError: Cannot read property 'length' of undefined[39m
[31m    at Request._callback (/Users/ekibet/workspace/test/customer_portal_api/api/services/customer.service.js:76:39)[39m
[31m    at Request.self.callback (/Users/ekibet/workspace/test/customer_portal_api/api/node_modules/request/request.js:185:22)[39m
[31m    at Request.emit (events.js:315:20)[39m
[31m    at Request.EventEmitter.emit (domain.js:547:15)[39m
[31m    at Request.<anonymous> (/Users/ekibet/workspace/test/customer_portal_api/api/node_modules/request/request.js:1154:10)[39m
[31m    at Request.emit (events.js:315:20)[39m
[31m    at Request.EventEmitter.emit (domain.js:547:15)[39m
[31m    at IncomingMessage.<anonymous> (/Users/ekibet/workspace/test/customer_portal_api/api/node_modules/request/request.js:1076:12)[39m
[31m    at Object.onceWrapper (events.js:421:28)[39m
[31m    at IncomingMessage.emit (events.js:327:22)[39m: undefined: customer-portal-service
[2022-07-30T16:56:30.463Z] [31merror[39m: [31munhandledRejection: Cannot read property 'length' of undefined[39m
[31mTypeError: Cannot read property 'length' of undefined[39m
[31m    at Request._callback (/Users/ekibet/workspace/test/customer_portal_api/api/services/customer.service.js:76:39)[39m
[31m    at Request.self.callback (/Users/ekibet/workspace/test/customer_portal_api/api/node_modules/request/request.js:185:22)[39m
[31m    at Request.emit (events.js:315:20)[39m
[31m    at Request.EventEmitter.emit (domain.js:547:15)[39m
[31m    at Request.<anonymous> (/Users/ekibet/workspace/test/customer_portal_api/api/node_modules/request/request.js:1154:10)[39m
[31m    at Request.emit (events.js:315:20)[39m
[31m    at Request.EventEmitter.emit (domain.js:547:15)[39m
[31m    at IncomingMessage.<anonymous> (/Users/ekibet/workspace/test/customer_portal_api/api/node_modules/request/request.js:1076:12)[39m
[31m    at Object.onceWrapper (events.js:421:28)[39m
[31m    at IncomingMessage.emit (events.js:327:22)[39m: undefined: customer-portal-service
[2022-07-30T16:57:34.780Z] [31merror[39m: [31munhandledRejection: Cannot read property 'length' of undefined[39m
[31mTypeError: Cannot read property 'length' of undefined[39m
[31m    at Request._callback (/Users/ekibet/workspace/test/customer_portal_api/api/services/customer.service.js:76:39)[39m
[31m    at Request.self.callback (/Users/ekibet/workspace/test/customer_portal_api/api/node_modules/request/request.js:185:22)[39m
[31m    at Request.emit (events.js:315:20)[39m
[31m    at Request.EventEmitter.emit (domain.js:547:15)[39m
[31m    at Request.<anonymous> (/Users/ekibet/workspace/test/customer_portal_api/api/node_modules/request/request.js:1154:10)[39m
[31m    at Request.emit (events.js:315:20)[39m
[31m    at Request.EventEmitter.emit (domain.js:547:15)[39m
[31m    at IncomingMessage.<anonymous> (/Users/ekibet/workspace/test/customer_portal_api/api/node_modules/request/request.js:1076:12)[39m
[31m    at Object.onceWrapper (events.js:421:28)[39m
[31m    at IncomingMessage.emit (events.js:327:22)[39m: undefined: customer-portal-service
[2022-07-30T16:58:04.962Z] [31merror[39m: [31munhandledRejection: Cannot read property 'length' of undefined[39m
[31mTypeError: Cannot read property 'length' of undefined[39m
[31m    at Request._callback (/Users/ekibet/workspace/test/customer_portal_api/api/services/customer.service.js:76:39)[39m
[31m    at Request.self.callback (/Users/ekibet/workspace/test/customer_portal_api/api/node_modules/request/request.js:185:22)[39m
[31m    at Request.emit (events.js:315:20)[39m
[31m    at Request.EventEmitter.emit (domain.js:547:15)[39m
[31m    at Request.<anonymous> (/Users/ekibet/workspace/test/customer_portal_api/api/node_modules/request/request.js:1154:10)[39m
[31m    at Request.emit (events.js:315:20)[39m
[31m    at Request.EventEmitter.emit (domain.js:547:15)[39m
[31m    at IncomingMessage.<anonymous> (/Users/ekibet/workspace/test/customer_portal_api/api/node_modules/request/request.js:1076:12)[39m
[31m    at Object.onceWrapper (events.js:421:28)[39m
[31m    at IncomingMessage.emit (events.js:327:22)[39m: undefined: customer-portal-service
[2022-07-30T17:15:47.342Z] [31merror[39m: [31muncaughtException: Joi.number(...).regex is not a function[39m
[31mTypeError: Joi.number(...).regex is not a function[39m
[31m    at Object.<anonymous> (/Users/ekibet/workspace/test/customer_portal_api/api/joi/user.joi.js:6:33)[39m
[31m    at Module._compile (internal/modules/cjs/loader.js:1185:30)[39m
[31m    at Object.Module._extensions..js (internal/modules/cjs/loader.js:1205:10)[39m
[31m    at Module.load (internal/modules/cjs/loader.js:1034:32)[39m
[31m    at Function.Module._load (internal/modules/cjs/loader.js:923:14)[39m
[31m    at Module.require (internal/modules/cjs/loader.js:1074:19)[39m
[31m    at require (internal/modules/cjs/helpers.js:72:18)[39m
[31m    at Object.<anonymous> (/Users/ekibet/workspace/test/customer_portal_api/api/routes/users.js:7:13)[39m
[31m    at Module._compile (internal/modules/cjs/loader.js:1185:30)[39m
[31m    at Object.Module._extensions..js (internal/modules/cjs/loader.js:1205:10)[39m: undefined: customer-portal-service
[2022-07-30T17:16:02.171Z] [31merror[39m: [31muncaughtException: Joi.number(...).regex is not a function[39m
[31mTypeError: Joi.number(...).regex is not a function[39m
[31m    at Object.<anonymous> (/Users/ekibet/workspace/test/customer_portal_api/api/joi/user.joi.js:6:33)[39m
[31m    at Module._compile (internal/modules/cjs/loader.js:1185:30)[39m
[31m    at Object.Module._extensions..js (internal/modules/cjs/loader.js:1205:10)[39m
[31m    at Module.load (internal/modules/cjs/loader.js:1034:32)[39m
[31m    at Function.Module._load (internal/modules/cjs/loader.js:923:14)[39m
[31m    at Module.require (internal/modules/cjs/loader.js:1074:19)[39m
[31m    at require (internal/modules/cjs/helpers.js:72:18)[39m
[31m    at Object.<anonymous> (/Users/ekibet/workspace/test/customer_portal_api/api/routes/users.js:7:13)[39m
[31m    at Module._compile (internal/modules/cjs/loader.js:1185:30)[39m
[31m    at Object.Module._extensions..js (internal/modules/cjs/loader.js:1205:10)[39m: undefined: customer-portal-service
[2022-07-30T17:16:25.774Z] [31merror[39m: [31muncaughtException: Joi.number(...).regex is not a function[39m
[31mTypeError: Joi.number(...).regex is not a function[39m
[31m    at Object.<anonymous> (/Users/ekibet/workspace/test/customer_portal_api/api/joi/user.joi.js:6:33)[39m
[31m    at Module._compile (internal/modules/cjs/loader.js:1185:30)[39m
[31m    at Object.Module._extensions..js (internal/modules/cjs/loader.js:1205:10)[39m
[31m    at Module.load (internal/modules/cjs/loader.js:1034:32)[39m
[31m    at Function.Module._load (internal/modules/cjs/loader.js:923:14)[39m
[31m    at Module.require (internal/modules/cjs/loader.js:1074:19)[39m
[31m    at require (internal/modules/cjs/helpers.js:72:18)[39m
[31m    at Object.<anonymous> (/Users/ekibet/workspace/test/customer_portal_api/api/routes/users.js:7:13)[39m
[31m    at Module._compile (internal/modules/cjs/loader.js:1185:30)[39m
[31m    at Object.Module._extensions..js (internal/modules/cjs/loader.js:1205:10)[39m: undefined: customer-portal-service
[2022-07-30T18:49:40.469Z] [31merror[39m: [31muncaughtException: Must provide a valid Error object or a function[39m
[31mAssertionError [ERR_ASSERTION]: Must provide a valid Error object or a function[39m
[31m    at internals.String.error (/Users/ekibet/workspace/test/customer_portal_api/api/node_modules/joi/lib/types/any/index.js:284:14)[39m
[31m    at Object.<anonymous> (/Users/ekibet/workspace/test/customer_portal_api/api/joi/user.joi.js:6:56)[39m
[31m    at Module._compile (internal/modules/cjs/loader.js:1185:30)[39m
[31m    at Object.Module._extensions..js (internal/modules/cjs/loader.js:1205:10)[39m
[31m    at Module.load (internal/modules/cjs/loader.js:1034:32)[39m
[31m    at Function.Module._load (internal/modules/cjs/loader.js:923:14)[39m
[31m    at Module.require (internal/modules/cjs/loader.js:1074:19)[39m
[31m    at require (internal/modules/cjs/helpers.js:72:18)[39m
[31m    at Object.<anonymous> (/Users/ekibet/workspace/test/customer_portal_api/api/routes/users.js:7:13)[39m
[31m    at Module._compile (internal/modules/cjs/loader.js:1185:30)[39m: undefined: customer-portal-service
[2022-07-30T18:53:29.860Z] [31merror[39m: [31muncaughtException: Joi.number(...).regex is not a function[39m
[31mTypeError: Joi.number(...).regex is not a function[39m
[31m    at Object.<anonymous> (/Users/ekibet/workspace/test/customer_portal_api/api/joi/user.joi.js:6:33)[39m
[31m    at Module._compile (internal/modules/cjs/loader.js:1185:30)[39m
[31m    at Object.Module._extensions..js (internal/modules/cjs/loader.js:1205:10)[39m
[31m    at Module.load (internal/modules/cjs/loader.js:1034:32)[39m
[31m    at Function.Module._load (internal/modules/cjs/loader.js:923:14)[39m
[31m    at Module.require (internal/modules/cjs/loader.js:1074:19)[39m
[31m    at require (internal/modules/cjs/helpers.js:72:18)[39m
[31m    at Object.<anonymous> (/Users/ekibet/workspace/test/customer_portal_api/api/routes/users.js:7:13)[39m
[31m    at Module._compile (internal/modules/cjs/loader.js:1185:30)[39m
[31m    at Object.Module._extensions..js (internal/modules/cjs/loader.js:1205:10)[39m: undefined: customer-portal-service
